<?xml version="1.0" encoding="UTF-8"?>
<!-- Generated by org.testng.reporters.JUnitXMLReporter -->
<testsuite ignored="0" hostname="DESKTOP-H3UQ7ED" failures="1" tests="1" name="ChromeTest" time="113.231" errors="0" timestamp="2024-01-07T11:36:21 IST">
  <testcase classname="tests.TC05_ValidateBottomLinks" name="ValidateBottomLinks" time="102.173">
    <failure type="java.lang.AssertionError" message="expected [Privacy Policy Hub - Best Buy] but found [BestBuy.com Terms and Conditions]">
      <![CDATA[java.lang.AssertionError: expected [Privacy Policy Hub - Best Buy] but found [BestBuy.com Terms and Conditions]
at utils.UtilClass.validateTitle(UtilClass.java:120)
at tests.TC05_ValidateBottomLinks.ValidateBottomLinks(TC05_ValidateBottomLinks.java:38)
at java.base/java.util.ArrayList.forEach(ArrayList.java:1511)
at java.base/java.util.concurrent.FutureTask.run(FutureTask.java:317)
at java.base/java.util.concurrent.ThreadPoolExecutor.runWorker(ThreadPoolExecutor.java:1144)
at java.base/java.util.concurrent.ThreadPoolExecutor$Worker.run(ThreadPoolExecutor.java:642)
at java.base/java.lang.Thread.run(Thread.java:1623)
... Removed 21 stack frames]]>
    </failure>
  </testcase> <!-- ValidateBottomLinks -->
</testsuite> <!-- ChromeTest -->
