<?xml version="1.0" encoding="UTF-8"?>
<!-- Generated by org.testng.reporters.JUnitReportReporter -->
<testsuite hostname="DESKTOP-H3UQ7ED" failures="0" tests="10" name="tests.TC02_SignUpFunctionality" time="270.405" errors="1" timestamp="2024-01-02T07:38:31 IST" skipped="0">
  <testcase classname="tests.TC02_SignUpFunctionality" name="SignUpTest" time="26.205"/>
  <testcase classname="tests.TC02_SignUpFunctionality" name="SignUpTest" time="23.930"/>
  <testcase classname="tests.TC02_SignUpFunctionality" name="SignUpTest" time="28.261"/>
  <testcase classname="tests.TC02_SignUpFunctionality" name="SignUpTest" time="27.953"/>
  <testcase classname="tests.TC02_SignUpFunctionality" name="SignUpTest" time="25.630"/>
  <testcase classname="tests.TC02_SignUpFunctionality" name="SignUpTest" time="24.014">
    <error message="Keys to send should be a not null CharSequence" type="java.lang.IllegalArgumentException">
      <![CDATA[java.lang.IllegalArgumentException: Keys to send should be a not null CharSequence
at org.openqa.selenium.remote.RemoteWebElement.sendKeys(RemoteWebElement.java:97)
at java.base/jdk.internal.reflect.DirectMethodHandleAccessor.invoke(DirectMethodHandleAccessor.java:104)
at java.base/java.lang.reflect.Method.invoke(Method.java:578)
at org.openqa.selenium.support.pagefactory.internal.LocatingElementHandler.invoke(LocatingElementHandler.java:51)
at jdk.proxy2/jdk.proxy2.$Proxy20.sendKeys(Unknown Source)
at utils.UtilClass.sendKeys(UtilClass.java:85)
at pages.SignUpPage.firstName(SignUpPage.java:38)
at tests.TC02_SignUpFunctionality.SignUpTest(TC02_SignUpFunctionality.java:33)
at java.base/jdk.internal.reflect.DirectMethodHandleAccessor.invoke(DirectMethodHandleAccessor.java:104)
at java.base/java.lang.reflect.Method.invoke(Method.java:578)
at org.testng.internal.invokers.MethodInvocationHelper.invokeMethod(MethodInvocationHelper.java:139)
at org.testng.internal.invokers.TestInvoker.invokeMethod(TestInvoker.java:664)
at org.testng.internal.invokers.TestInvoker.invokeTestMethod(TestInvoker.java:227)
at org.testng.internal.invokers.MethodRunner.runInSequence(MethodRunner.java:50)
at org.testng.internal.invokers.TestInvoker$MethodInvocationAgent.invoke(TestInvoker.java:957)
at org.testng.internal.invokers.TestInvoker.invokeTestMethods(TestInvoker.java:200)
at org.testng.internal.invokers.TestMethodWorker.invokeTestMethods(TestMethodWorker.java:148)
at org.testng.internal.invokers.TestMethodWorker.run(TestMethodWorker.java:128)
at java.base/java.util.ArrayList.forEach(ArrayList.java:1511)
at org.testng.TestRunner.privateRun(TestRunner.java:848)
at org.testng.TestRunner.run(TestRunner.java:621)
at org.testng.SuiteRunner.runTest(SuiteRunner.java:443)
at org.testng.SuiteRunner$SuiteWorker.run(SuiteRunner.java:481)
at org.testng.internal.thread.ThreadUtil.lambda$execute$0(ThreadUtil.java:58)
at java.base/java.util.concurrent.FutureTask.run(FutureTask.java:317)
at java.base/java.util.concurrent.ThreadPoolExecutor.runWorker(ThreadPoolExecutor.java:1144)
at java.base/java.util.concurrent.ThreadPoolExecutor$Worker.run(ThreadPoolExecutor.java:642)
at java.base/java.lang.Thread.run(Thread.java:1623)
]]>
    </error>
  </testcase> <!-- SignUpTest -->
  <testcase classname="tests.TC02_SignUpFunctionality" name="SignUpTest" time="27.522"/>
  <testcase classname="tests.TC02_SignUpFunctionality" name="SignUpTest" time="31.802"/>
  <testcase classname="tests.TC02_SignUpFunctionality" name="SignUpTest" time="25.544"/>
  <testcase classname="tests.TC02_SignUpFunctionality" name="SignUpTest" time="29.544"/>
</testsuite> <!-- tests.TC02_SignUpFunctionality -->
